# JRE version: Java(TM) SE Runtime Environment 18.9 (11.0.8+10) (build 11.0.8+10-LTS)
# Java VM: Java HotSpot(TM) 64-Bit Server VM 18.9 (11.0.8+10-LTS, mixed mode, tiered, compressed oops, g1 gc, windows-amd64)
Heap:
 garbage-first heap   total 394240K, used 272384K [0x0000000080000000, 0x0000000100000000)
  region size 1024K, 2 young (2048K), 2 survivors (2048K)
 Metaspace       used 119725K, capacity 123393K, committed 123596K, reserved 622592K
  class space    used 15741K, capacity 17148K, committed 17228K, reserved 516096K
GC Heap History (10 events):
Event: 62.925 GC heap after
{Heap after GC invocations=94 (full 0):
 garbage-first heap   total 275456K, used 241664K [0x0000000080000000, 0x0000000100000000)
  region size 1024K, 2 young (2048K), 2 survivors (2048K)
 Metaspace       used 119695K, capacity 123390K, committed 123596K, reserved 622592K
  class space    used 15741K, capacity 17148K, committed 17228K, reserved 516096K
}
Event: 63.011 GC heap before
{Heap before GC invocations=94 (full 0):
 garbage-first heap   total 275456K, used 251904K [0x0000000080000000, 0x0000000100000000)
  region size 1024K, 13 young (13312K), 2 survivors (2048K)
 Metaspace       used 119712K, capacity 123393K, committed 123596K, reserved 622592K
  class space    used 15741K, capacity 17148K, committed 17228K, reserved 516096K
}
Event: 63.022 GC heap after
{Heap after GC invocations=95 (full 0):
 garbage-first heap   total 275456K, used 247808K [0x0000000080000000, 0x0000000100000000)
  region size 1024K, 2 young (2048K), 2 survivors (2048K)
 Metaspace       used 119712K, capacity 123393K, committed 123596K, reserved 622592K
  class space    used 15741K, capacity 17148K, committed 17228K, reserved 516096K
}
Event: 63.083 GC heap before
{Heap before GC invocations=95 (full 0):
 garbage-first heap   total 275456K, used 259072K [0x0000000080000000, 0x0000000100000000)
  region size 1024K, 13 young (13312K), 2 survivors (2048K)
 Metaspace       used 119718K, capacity 123393K, committed 123596K, reserved 622592K
  class space    used 15741K, capacity 17148K, committed 17228K, reserved 516096K
}
Event: 63.094 GC heap after
{Heap after GC invocations=96 (full 0):
 garbage-first heap   total 275456K, used 253952K [0x0000000080000000, 0x0000000100000000)
  region size 1024K, 2 young (2048K), 2 survivors (2048K)
 Metaspace       used 119718K, capacity 123393K, committed 123596K, reserved 622592K
  class space    used 15741K, capacity 17148K, committed 17228K, reserved 516096K
}
Event: 63.188 GC heap before
{Heap before GC invocations=96 (full 0):
 garbage-first heap   total 275456K, used 265216K [0x0000000080000000, 0x0000000100000000)
  region size 1024K, 13 young (13312K), 2 survivors (2048K)
 Metaspace       used 119720K, capacity 123393K, committed 123596K, reserved 622592K
  class space    used 15741K, capacity 17148K, committed 17228K, reserved 516096K
}
Event: 63.200 GC heap after
{Heap after GC invocations=97 (full 0):
 garbage-first heap   total 275456K, used 260096K [0x0000000080000000, 0x0000000100000000)
  region size 1024K, 2 young (2048K), 2 survivors (2048K)
 Metaspace       used 119720K, capacity 123393K, committed 123596K, reserved 622592K
  class space    used 15741K, capacity 17148K, committed 17228K, reserved 516096K
}
Event: 63.269 GC heap before
{Heap before GC invocations=97 (full 0):
 garbage-first heap   total 275456K, used 271360K [0x0000000080000000, 0x0000000100000000)
  region size 1024K, 13 young (13312K), 2 survivors (2048K)
 Metaspace       used 119723K, capacity 123393K, committed 123596K, reserved 622592K
  class space    used 15741K, capacity 17148K, committed 17228K, reserved 516096K
}
Event: 63.281 GC heap after
{Heap after GC invocations=98 (full 0):
 garbage-first heap   total 279552K, used 266240K [0x0000000080000000, 0x0000000100000000)
  region size 1024K, 2 young (2048K), 2 survivors (2048K)
 Metaspace       used 119723K, capacity 123393K, committed 123596K, reserved 622592K
  class space    used 15741K, capacity 17148K, committed 17228K, reserved 516096K
}
Event: 63.358 GC heap before
{Heap before GC invocations=98 (full 0):
 garbage-first heap   total 279552K, used 276480K [0x0000000080000000, 0x0000000100000000)
  region size 1024K, 13 young (13312K), 2 survivors (2048K)
 Metaspace       used 119725K, capacity 123393K, committed 123596K, reserved 622592K
  class space    used 15741K, capacity 17148K, committed 17228K, reserved 516096K
}

