# JRE version: Java(TM) SE Runtime Environment 18.9 (11.0.8+10) (build 11.0.8+10-LTS)
# Java VM: Java HotSpot(TM) 64-Bit Server VM 18.9 (11.0.8+10-LTS, mixed mode, tiered, compressed oops, g1 gc, windows-amd64)
Heap:
 garbage-first heap   total 321536K, used 254976K [0x0000000080000000, 0x0000000100000000)
  region size 1024K, 2 young (2048K), 2 survivors (2048K)
 Metaspace       used 119612K, capacity 123311K, committed 123520K, reserved 622592K
  class space    used 15736K, capacity 17147K, committed 17152K, reserved 516096K
GC Heap History (10 events):
Event: 60.421 GC heap after
{Heap after GC invocations=96 (full 0):
 garbage-first heap   total 264192K, used 227090K [0x0000000080000000, 0x0000000100000000)
  region size 1024K, 2 young (2048K), 2 survivors (2048K)
 Metaspace       used 119517K, capacity 123238K, committed 123264K, reserved 622592K
  class space    used 15736K, capacity 17147K, committed 17152K, reserved 516096K
}
Event: 60.494 GC heap before
{Heap before GC invocations=96 (full 0):
 garbage-first heap   total 264192K, used 237330K [0x0000000080000000, 0x0000000100000000)
  region size 1024K, 12 young (12288K), 2 survivors (2048K)
 Metaspace       used 119568K, capacity 123308K, committed 123520K, reserved 622592K
  class space    used 15736K, capacity 17147K, committed 17152K, reserved 516096K
}
Event: 60.505 GC heap after
{Heap after GC invocations=97 (full 0):
 garbage-first heap   total 264192K, used 232310K [0x0000000080000000, 0x0000000100000000)
  region size 1024K, 2 young (2048K), 2 survivors (2048K)
 Metaspace       used 119568K, capacity 123308K, committed 123520K, reserved 622592K
  class space    used 15736K, capacity 17147K, committed 17152K, reserved 516096K
}
Event: 60.581 GC heap before
{Heap before GC invocations=97 (full 0):
 garbage-first heap   total 264192K, used 242550K [0x0000000080000000, 0x0000000100000000)
  region size 1024K, 12 young (12288K), 2 survivors (2048K)
 Metaspace       used 119583K, capacity 123308K, committed 123520K, reserved 622592K
  class space    used 15736K, capacity 17147K, committed 17152K, reserved 516096K
}
Event: 60.591 GC heap after
{Heap after GC invocations=98 (full 0):
 garbage-first heap   total 264192K, used 237568K [0x0000000080000000, 0x0000000100000000)
  region size 1024K, 2 young (2048K), 2 survivors (2048K)
 Metaspace       used 119583K, capacity 123308K, committed 123520K, reserved 622592K
  class space    used 15736K, capacity 17147K, committed 17152K, reserved 516096K
}
Event: 60.648 GC heap before
{Heap before GC invocations=98 (full 0):
 garbage-first heap   total 264192K, used 247808K [0x0000000080000000, 0x0000000100000000)
  region size 1024K, 12 young (12288K), 2 survivors (2048K)
 Metaspace       used 119595K, capacity 123310K, committed 123520K, reserved 622592K
  class space    used 15736K, capacity 17147K, committed 17152K, reserved 516096K
}
Event: 60.659 GC heap after
{Heap after GC invocations=99 (full 0):
 garbage-first heap   total 264192K, used 243421K [0x0000000080000000, 0x0000000100000000)
  region size 1024K, 2 young (2048K), 2 survivors (2048K)
 Metaspace       used 119595K, capacity 123310K, committed 123520K, reserved 622592K
  class space    used 15736K, capacity 17147K, committed 17152K, reserved 516096K
}
Event: 60.742 GC heap before
{Heap before GC invocations=99 (full 0):
 garbage-first heap   total 264192K, used 253661K [0x0000000080000000, 0x0000000100000000)
  region size 1024K, 12 young (12288K), 2 survivors (2048K)
 Metaspace       used 119608K, capacity 123311K, committed 123520K, reserved 622592K
  class space    used 15736K, capacity 17147K, committed 17152K, reserved 516096K
}
Event: 60.752 GC heap after
{Heap after GC invocations=100 (full 0):
 garbage-first heap   total 264192K, used 249338K [0x0000000080000000, 0x0000000100000000)
  region size 1024K, 2 young (2048K), 2 survivors (2048K)
 Metaspace       used 119608K, capacity 123311K, committed 123520K, reserved 622592K
  class space    used 15736K, capacity 17147K, committed 17152K, reserved 516096K
}
Event: 60.838 GC heap before
{Heap before GC invocations=100 (full 0):
 garbage-first heap   total 264192K, used 259578K [0x0000000080000000, 0x0000000100000000)
  region size 1024K, 12 young (12288K), 2 survivors (2048K)
 Metaspace       used 119612K, capacity 123311K, committed 123520K, reserved 622592K
  class space    used 15736K, capacity 17147K, committed 17152K, reserved 516096K
}

