# JRE version: Java(TM) SE Runtime Environment 18.9 (11.0.8+10) (build 11.0.8+10-LTS)
# Java VM: Java HotSpot(TM) 64-Bit Server VM 18.9 (11.0.8+10-LTS, mixed mode, tiered, compressed oops, g1 gc, windows-amd64)
Heap:
 garbage-first heap   total 250880K, used 227918K [0x0000000080000000, 0x0000000100000000)
  region size 1024K, 11 young (11264K), 2 survivors (2048K)
 Metaspace       used 139267K, capacity 143687K, committed 143788K, reserved 641024K
  class space    used 17519K, capacity 19138K, committed 19200K, reserved 516096K
GC Heap History (10 events):
Event: 144.073 GC heap before
{Heap before GC invocations=121 (full 0):
 garbage-first heap   total 242688K, used 216465K [0x0000000080000000, 0x0000000100000000)
  region size 1024K, 11 young (11264K), 2 survivors (2048K)
 Metaspace       used 136387K, capacity 140728K, committed 140844K, reserved 638976K
  class space    used 17126K, capacity 18725K, committed 18816K, reserved 516096K
}
Event: 144.077 GC heap after
{Heap after GC invocations=122 (full 0):
 garbage-first heap   total 242688K, used 209200K [0x0000000080000000, 0x0000000100000000)
  region size 1024K, 2 young (2048K), 2 survivors (2048K)
 Metaspace       used 136387K, capacity 140728K, committed 140844K, reserved 638976K
  class space    used 17126K, capacity 18725K, committed 18816K, reserved 516096K
}
Event: 144.156 GC heap before
{Heap before GC invocations=122 (full 0):
 garbage-first heap   total 242688K, used 211248K [0x0000000080000000, 0x0000000100000000)
  region size 1024K, 4 young (4096K), 2 survivors (2048K)
 Metaspace       used 136387K, capacity 140728K, committed 140844K, reserved 638976K
  class space    used 17126K, capacity 18725K, committed 18816K, reserved 516096K
}
Event: 144.160 GC heap after
{Heap after GC invocations=123 (full 0):
 garbage-first heap   total 242688K, used 211317K [0x0000000080000000, 0x0000000100000000)
  region size 1024K, 2 young (2048K), 2 survivors (2048K)
 Metaspace       used 136387K, capacity 140728K, committed 140844K, reserved 638976K
  class space    used 17126K, capacity 18725K, committed 18816K, reserved 516096K
}
Event: 144.999 GC heap before
{Heap before GC invocations=124 (full 0):
 garbage-first heap   total 242688K, used 225653K [0x0000000080000000, 0x0000000100000000)
  region size 1024K, 11 young (11264K), 2 survivors (2048K)
 Metaspace       used 137999K, capacity 142328K, committed 142636K, reserved 641024K
  class space    used 17347K, capacity 18960K, committed 19072K, reserved 516096K
}
Event: 145.004 GC heap after
{Heap after GC invocations=125 (full 0):
 garbage-first heap   total 242688K, used 221004K [0x0000000080000000, 0x0000000100000000)
  region size 1024K, 2 young (2048K), 2 survivors (2048K)
 Metaspace       used 137999K, capacity 142328K, committed 142636K, reserved 641024K
  class space    used 17347K, capacity 18960K, committed 19072K, reserved 516096K
}
Event: 145.218 GC heap before
{Heap before GC invocations=125 (full 0):
 garbage-first heap   total 242688K, used 236364K [0x0000000080000000, 0x0000000100000000)
  region size 1024K, 11 young (11264K), 2 survivors (2048K)
 Metaspace       used 139038K, capacity 143391K, committed 143532K, reserved 641024K
  class space    used 17497K, capacity 19104K, committed 19200K, reserved 516096K
}
Event: 145.237 GC heap after
{Heap after GC invocations=126 (full 0):
 garbage-first heap   total 250880K, used 210574K [0x0000000080000000, 0x0000000100000000)
  region size 1024K, 2 young (2048K), 2 survivors (2048K)
 Metaspace       used 139038K, capacity 143391K, committed 143532K, reserved 641024K
  class space    used 17497K, capacity 19104K, committed 19200K, reserved 516096K
}
Event: 145.259 GC heap before
{Heap before GC invocations=126 (full 0):
 garbage-first heap   total 250880K, used 235150K [0x0000000080000000, 0x0000000100000000)
  region size 1024K, 12 young (12288K), 2 survivors (2048K)
 Metaspace       used 139048K, capacity 143455K, committed 143788K, reserved 641024K
  class space    used 17497K, capacity 19104K, committed 19200K, reserved 516096K
}
Event: 145.265 GC heap after
{Heap after GC invocations=127 (full 0):
 garbage-first heap   total 250880K, used 220750K [0x0000000080000000, 0x0000000100000000)
  region size 1024K, 2 young (2048K), 2 survivors (2048K)
 Metaspace       used 139048K, capacity 143455K, committed 143788K, reserved 641024K
  class space    used 17497K, capacity 19104K, committed 19200K, reserved 516096K
}

