# JRE version: Java(TM) SE Runtime Environment 18.9 (11.0.8+10) (build 11.0.8+10-LTS)
# Java VM: Java HotSpot(TM) 64-Bit Server VM 18.9 (11.0.8+10-LTS, mixed mode, tiered, compressed oops, g1 gc, windows-amd64)
Heap:
 garbage-first heap   total 432128K, used 272717K [0x0000000080000000, 0x0000000100000000)
  region size 1024K, 2 young (2048K), 2 survivors (2048K)
 Metaspace       used 119858K, capacity 123617K, committed 123724K, reserved 622592K
  class space    used 15753K, capacity 17179K, committed 17228K, reserved 516096K
GC Heap History (10 events):
Event: 76.613 GC heap after
{Heap after GC invocations=120 (full 0):
 garbage-first heap   total 261120K, used 237394K [0x0000000080000000, 0x0000000100000000)
  region size 1024K, 2 young (2048K), 2 survivors (2048K)
 Metaspace       used 119824K, capacity 123614K, committed 123724K, reserved 622592K
  class space    used 15753K, capacity 17179K, committed 17228K, reserved 516096K
}
Event: 76.651 GC heap before
{Heap before GC invocations=120 (full 0):
 garbage-first heap   total 261120K, used 246610K [0x0000000080000000, 0x0000000100000000)
  region size 1024K, 12 young (12288K), 2 survivors (2048K)
 Metaspace       used 119834K, capacity 123614K, committed 123724K, reserved 622592K
  class space    used 15753K, capacity 17179K, committed 17228K, reserved 516096K
}
Event: 76.665 GC heap after
{Heap after GC invocations=121 (full 0):
 garbage-first heap   total 313344K, used 243196K [0x0000000080000000, 0x0000000100000000)
  region size 1024K, 2 young (2048K), 2 survivors (2048K)
 Metaspace       used 119834K, capacity 123614K, committed 123724K, reserved 622592K
  class space    used 15753K, capacity 17179K, committed 17228K, reserved 516096K
}
Event: 76.805 GC heap before
{Heap before GC invocations=121 (full 0):
 garbage-first heap   total 313344K, used 257532K [0x0000000080000000, 0x0000000100000000)
  region size 1024K, 16 young (16384K), 2 survivors (2048K)
 Metaspace       used 119851K, capacity 123617K, committed 123724K, reserved 622592K
  class space    used 15753K, capacity 17179K, committed 17228K, reserved 516096K
}
Event: 76.818 GC heap after
{Heap after GC invocations=122 (full 0):
 garbage-first heap   total 313344K, used 250874K [0x0000000080000000, 0x0000000100000000)
  region size 1024K, 2 young (2048K), 2 survivors (2048K)
 Metaspace       used 119851K, capacity 123617K, committed 123724K, reserved 622592K
  class space    used 15753K, capacity 17179K, committed 17228K, reserved 516096K
}
Event: 76.923 GC heap before
{Heap before GC invocations=122 (full 0):
 garbage-first heap   total 313344K, used 264186K [0x0000000080000000, 0x0000000100000000)
  region size 1024K, 15 young (15360K), 2 survivors (2048K)
 Metaspace       used 119855K, capacity 123617K, committed 123724K, reserved 622592K
  class space    used 15753K, capacity 17179K, committed 17228K, reserved 516096K
}
Event: 76.936 GC heap after
{Heap after GC invocations=123 (full 0):
 garbage-first heap   total 313344K, used 258382K [0x0000000080000000, 0x0000000100000000)
  region size 1024K, 2 young (2048K), 2 survivors (2048K)
 Metaspace       used 119855K, capacity 123617K, committed 123724K, reserved 622592K
  class space    used 15753K, capacity 17179K, committed 17228K, reserved 516096K
}
Event: 77.046 GC heap before
{Heap before GC invocations=123 (full 0):
 garbage-first heap   total 313344K, used 271694K [0x0000000080000000, 0x0000000100000000)
  region size 1024K, 15 young (15360K), 2 survivors (2048K)
 Metaspace       used 119856K, capacity 123617K, committed 123724K, reserved 622592K
  class space    used 15753K, capacity 17179K, committed 17228K, reserved 516096K
}
Event: 77.059 GC heap after
{Heap after GC invocations=124 (full 0):
 garbage-first heap   total 313344K, used 265551K [0x0000000080000000, 0x0000000100000000)
  region size 1024K, 2 young (2048K), 2 survivors (2048K)
 Metaspace       used 119856K, capacity 123617K, committed 123724K, reserved 622592K
  class space    used 15753K, capacity 17179K, committed 17228K, reserved 516096K
}
Event: 77.188 GC heap before
{Heap before GC invocations=124 (full 0):
 garbage-first heap   total 313344K, used 278863K [0x0000000080000000, 0x0000000100000000)
  region size 1024K, 15 young (15360K), 2 survivors (2048K)
 Metaspace       used 119858K, capacity 123617K, committed 123724K, reserved 622592K
  class space    used 15753K, capacity 17179K, committed 17228K, reserved 516096K
}

