# JRE version: Java(TM) SE Runtime Environment 18.9 (11.0.8+10) (build 11.0.8+10-LTS)
# Java VM: Java HotSpot(TM) 64-Bit Server VM 18.9 (11.0.8+10-LTS, mixed mode, tiered, compressed oops, g1 gc, windows-amd64)
Heap:
 garbage-first heap   total 208896K, used 132418K [0x0000000080000000, 0x0000000100000000)
  region size 1024K, 1 young (1024K), 1 survivors (1024K)
 Metaspace       used 101375K, capacity 104550K, committed 104876K, reserved 606208K
  class space    used 13416K, capacity 14683K, committed 14764K, reserved 516096K
GC Heap History (10 events):
Event: 46.812 GC heap after
{Heap after GC invocations=68 (full 0):
 garbage-first heap   total 144384K, used 118621K [0x0000000080000000, 0x0000000100000000)
  region size 1024K, 1 young (1024K), 1 survivors (1024K)
 Metaspace       used 99143K, capacity 102124K, committed 102188K, reserved 604160K
  class space    used 13146K, capacity 14335K, committed 14380K, reserved 516096K
}
Event: 46.959 GC heap before
{Heap before GC invocations=68 (full 0):
 garbage-first heap   total 144384K, used 124765K [0x0000000080000000, 0x0000000100000000)
  region size 1024K, 7 young (7168K), 1 survivors (1024K)
 Metaspace       used 99448K, capacity 102421K, committed 102444K, reserved 604160K
  class space    used 13181K, capacity 14368K, committed 14380K, reserved 516096K
}
Event: 46.964 GC heap after
{Heap after GC invocations=69 (full 0):
 garbage-first heap   total 174080K, used 119444K [0x0000000080000000, 0x0000000100000000)
  region size 1024K, 1 young (1024K), 1 survivors (1024K)
 Metaspace       used 99448K, capacity 102421K, committed 102444K, reserved 604160K
  class space    used 13181K, capacity 14368K, committed 14380K, reserved 516096K
}
Event: 47.688 GC heap before
{Heap before GC invocations=70 (full 0):
 garbage-first heap   total 174080K, used 133780K [0x0000000080000000, 0x0000000100000000)
  region size 1024K, 16 young (16384K), 1 survivors (1024K)
 Metaspace       used 99969K, capacity 103095K, committed 103340K, reserved 606208K
  class space    used 13240K, capacity 14478K, committed 14508K, reserved 516096K
}
Event: 47.693 GC heap after
{Heap after GC invocations=71 (full 0):
 garbage-first heap   total 174080K, used 120444K [0x0000000080000000, 0x0000000100000000)
  region size 1024K, 2 young (2048K), 2 survivors (2048K)
 Metaspace       used 99969K, capacity 103095K, committed 103340K, reserved 606208K
  class space    used 13240K, capacity 14478K, committed 14508K, reserved 516096K
}
Event: 47.848 GC heap before
{Heap before GC invocations=71 (full 0):
 garbage-first heap   total 174080K, used 127612K [0x0000000080000000, 0x0000000100000000)
  region size 1024K, 11 young (11264K), 2 survivors (2048K)
 Metaspace       used 99990K, capacity 103108K, committed 103340K, reserved 606208K
  class space    used 13242K, capacity 14481K, committed 14508K, reserved 516096K
}
Event: 47.853 GC heap after
{Heap after GC invocations=72 (full 0):
 garbage-first heap   total 174080K, used 122471K [0x0000000080000000, 0x0000000100000000)
  region size 1024K, 3 young (3072K), 3 survivors (3072K)
 Metaspace       used 99990K, capacity 103108K, committed 103340K, reserved 606208K
  class space    used 13242K, capacity 14481K, committed 14508K, reserved 516096K
}
Event: 48.284 GC heap before
{Heap before GC invocations=73 (full 0):
 garbage-first heap   total 174080K, used 141927K [0x0000000080000000, 0x0000000100000000)
  region size 1024K, 18 young (18432K), 3 survivors (3072K)
 Metaspace       used 100636K, capacity 103814K, committed 103980K, reserved 606208K
  class space    used 13332K, capacity 14587K, committed 14636K, reserved 516096K
}
Event: 48.290 GC heap after
{Heap after GC invocations=74 (full 0):
 garbage-first heap   total 174080K, used 131133K [0x0000000080000000, 0x0000000100000000)
  region size 1024K, 3 young (3072K), 3 survivors (3072K)
 Metaspace       used 100636K, capacity 103814K, committed 103980K, reserved 606208K
  class space    used 13332K, capacity 14587K, committed 14636K, reserved 516096K
}
Event: 48.557 GC heap before
{Heap before GC invocations=74 (full 0):
 garbage-first heap   total 174080K, used 143421K [0x0000000080000000, 0x0000000100000000)
  region size 1024K, 15 young (15360K), 3 survivors (3072K)
 Metaspace       used 101375K, capacity 104550K, committed 104876K, reserved 606208K
  class space    used 13416K, capacity 14683K, committed 14764K, reserved 516096K
}

